/*C4*/SET SCHEMA PUBLIC
DISCONNECT
/*C5*/SET SCHEMA PUBLIC
create table Autor (oid varchar(32) not null, nombre varchar(50), primary key (oid))
alter table Producto add column autor_oid varchar(32)
alter table Producto add constraint FKmtkejrnklbkimttu99b9jqufw foreign key (autor_oid) references Autor
INSERT INTO AUTOR VALUES('402881959a51fc1b019a51fccc750000','Jan Carlo')
COMMIT
DELETE FROM PRODUCTO WHERE NUMERO=1
INSERT INTO PRODUCTO VALUES(1,'No se','4C2B85380A48A60700000000B332D7CD','Usado, en buen estado',1450.00,'8ac826879a4c29ff019a4c2a8d6b0000','402881959a51fc1b019a51fccc750000')
COMMIT
INSERT INTO AUTOR VALUES('402881959a51fc1b019a51fd27850001','Mauricio')
DELETE FROM PRODUCTO WHERE NUMERO=1
INSERT INTO PRODUCTO VALUES(1,'No se','4C2B85380A48A60700000000B332D7CD','Usado, en buen estado',1450.00,'8ac826879a4c29ff019a4c2a8d6b0000','402881959a51fc1b019a51fd27850001')
COMMIT
INSERT INTO PRODUCTO VALUES(29,'Libro',NULL,'',121.00,'8ac826879a4c29ff019a4c2ab86d0001','402881959a51fc1b019a51fccc750000')
COMMIT
INSERT INTO AUTOR VALUES('402881959a51fc1b019a51fe46bd0002','Marles')
COMMIT
INSERT INTO PRODUCTO VALUES(12,'sda',NULL,'',NULL,'8ac826879a4c29ff019a4c2ac1710002','402881959a51fc1b019a51fe46bd0002')
COMMIT
DELETE FROM PRODUCTO WHERE NUMERO=12
COMMIT
DELETE FROM AUTOR WHERE OID='402881959a51fc1b019a51fe46bd0002'
COMMIT
